2026-01-12 21:08:17,216 - INFO - Loading ChEBI properties...
2026-01-12 21:08:17,630 - INFO - Loaded 162151 entries for property: Class
2026-01-12 21:08:17,650 - INFO - Loaded 29632 entries for property: idf
2026-01-12 21:08:17,713 - INFO - Loaded 148521 entries for property: logP
2026-01-12 21:08:17,774 - INFO - Loaded 148031 entries for property: logS
2026-01-12 21:08:17,852 - INFO - Loaded 162176 entries for property: Mass
2026-01-12 21:08:17,999 - INFO - Loaded 162245 entries for property: Names
2026-01-12 21:08:18,150 - INFO - Loaded 148521 entries for property: SMILES
2026-01-12 21:08:18,151 - INFO - Loaded properties: ['Class', 'idf', 'logP', 'logS', 'Mass', 'Names', 'SMILES']
2026-01-12 21:08:18,151 - INFO - Processing dataset: CE...
2026-01-12 21:08:18,160 - INFO - Initial compounds found: 3694
2026-01-12 21:08:18,160 - INFO - Stop list filter removed 7 common non-ligands
2026-01-12 21:08:18,348 - INFO - Computing chemical descriptors via RDKit...
2026-01-12 21:08:19,286 - INFO - Assigning chemical roles algorithmically...
2026-01-12 21:08:19,313 - INFO - Final compounds after processing: 3687
2026-01-12 21:08:19,367 - INFO - Files written successfully: data/processed/CE_Binding_Dataset.tsv
2026-01-12 21:08:19,367 - INFO - Processing dataset: ED...
2026-01-12 21:08:19,373 - INFO - Initial compounds found: 3302
2026-01-12 21:08:19,374 - INFO - Stop list filter removed 8 common non-ligands
2026-01-12 21:08:19,563 - INFO - Computing chemical descriptors via RDKit...
2026-01-12 21:08:20,417 - INFO - Assigning chemical roles algorithmically...
2026-01-12 21:08:20,442 - INFO - Final compounds after processing: 3294
2026-01-12 21:08:20,495 - INFO - Files written successfully: data/processed/ED_Binding_Dataset.tsv
2026-01-12 21:08:20,495 - INFO - Processing dataset: ITC...
2026-01-12 21:08:20,546 - INFO - Initial compounds found: 8781
2026-01-12 21:08:20,547 - INFO - Stop list filter removed 10 common non-ligands
2026-01-12 21:08:20,746 - INFO - Computing chemical descriptors via RDKit...
2026-01-12 21:08:23,218 - INFO - Assigning chemical roles algorithmically...
2026-01-12 21:08:23,278 - INFO - Final compounds after processing: 8771
2026-01-12 21:08:23,413 - INFO - Files written successfully: data/processed/ITC_Binding_Dataset.tsv
2026-01-12 21:08:23,414 - INFO - Processing dataset: SPR...
2026-01-12 21:08:23,625 - INFO - Initial compounds found: 16439
2026-01-12 21:08:23,626 - INFO - Stop list filter removed 11 common non-ligands
2026-01-12 21:08:23,838 - INFO - Computing chemical descriptors via RDKit...
2026-01-12 21:08:28,947 - INFO - Assigning chemical roles algorithmically...
2026-01-12 21:08:29,054 - INFO - Final compounds after processing: 16428
2026-01-12 21:08:29,308 - INFO - Files written successfully: data/processed/SPR_Binding_Dataset.tsv
2026-01-12 21:08:29,308 - INFO - Processing dataset: UV...
2026-01-12 21:08:29,341 - INFO - Initial compounds found: 6457
2026-01-12 21:08:29,341 - INFO - Stop list filter removed 9 common non-ligands
2026-01-12 21:08:29,552 - INFO - Computing chemical descriptors via RDKit...
2026-01-12 21:08:31,198 - INFO - Assigning chemical roles algorithmically...
2026-01-12 21:08:31,244 - INFO - Final compounds after processing: 6448
2026-01-12 21:08:31,333 - INFO - Files written successfully: data/processed/UV_Binding_Dataset.tsv
2026-01-12 21:08:31,333 - INFO - Data processing completed successfully.
